c:\users\huynx\desktop\ftpclient-huy\ftpclient-huy\debug\ftpclient-huy.pch
c:\users\huynx\desktop\ftpclient-huy\ftpclient-huy\debug\vc140.pdb
c:\users\huynx\desktop\ftpclient-huy\ftpclient-huy\debug\vc140.idb
c:\users\huynx\desktop\ftpclient-huy\ftpclient-huy\debug\stdafx.obj
c:\users\huynx\desktop\ftpclient-huy\ftpclient-huy\debug\display.obj
c:\users\huynx\desktop\ftpclient-huy\ftpclient-huy\debug\establishdatachannel.obj
c:\users\huynx\desktop\ftpclient-huy\ftpclient-huy\debug\getportnumber.obj
c:\users\huynx\desktop\ftpclient-huy\ftpclient-huy\debug\initializeconnection.obj
c:\users\huynx\desktop\ftpclient-huy\ftpclient-huy\debug\login.obj
c:\users\huynx\desktop\ftpclient-huy\ftpclient-huy\debug\main.obj
c:\users\huynx\desktop\ftpclient-huy\ftpclient-huy\debug\rename.obj
c:\users\huynx\desktop\ftpclient-huy\ftpclient-huy\debug\download.obj
c:\users\huynx\desktop\ftpclient-huy\ftpclient-huy\debug\remove.obj
c:\users\huynx\desktop\ftpclient-huy\ftpclient-huy\debug\upload.obj
c:\users\huynx\desktop\ftpclient-huy\ftpclient-huy\debug\closeconnection.obj
c:\users\huynx\desktop\ftpclient-huy\debug\ftpclient-huy.ilk
c:\users\huynx\desktop\ftpclient-huy\debug\ftpclient-huy.exe
c:\users\huynx\desktop\ftpclient-huy\debug\ftpclient-huy.pdb
c:\users\huynx\desktop\ftp\ftpclient-huy\ftpclient-huy\debug\closeconnection.obj
c:\users\huynx\desktop\ftp\ftpclient-huy\ftpclient-huy\debug\display.obj
c:\users\huynx\desktop\ftp\ftpclient-huy\ftpclient-huy\debug\download.obj
c:\users\huynx\desktop\ftp\ftpclient-huy\ftpclient-huy\debug\establishdatachannel.obj
c:\users\huynx\desktop\ftp\ftpclient-huy\ftpclient-huy\debug\getportnumber.obj
c:\users\huynx\desktop\ftp\ftpclient-huy\ftpclient-huy\debug\initializeconnection.obj
c:\users\huynx\desktop\ftp\ftpclient-huy\ftpclient-huy\debug\login.obj
c:\users\huynx\desktop\ftp\ftpclient-huy\ftpclient-huy\debug\main.obj
c:\users\huynx\desktop\ftp\ftpclient-huy\ftpclient-huy\debug\remove.obj
c:\users\huynx\desktop\ftp\ftpclient-huy\ftpclient-huy\debug\rename.obj
c:\users\huynx\desktop\ftp\ftpclient-huy\ftpclient-huy\debug\stdafx.obj
c:\users\huynx\desktop\ftp\ftpclient-huy\ftpclient-huy\debug\upload.obj
c:\users\huynx\desktop\ftp\ftpclient-huy\ftpclient-huy\debug\ftpclient-huy.pch
c:\users\huynx\desktop\ftp\ftpclient-huy\ftpclient-huy\debug\vc140.idb
c:\users\huynx\desktop\ftp\ftpclient-huy\ftpclient-huy\debug\vc140.pdb
c:\users\huynx\desktop\ftp\ftpclient-huy\debug\ftpclient-huy.pdb
c:\users\huynx\desktop\ftp\ftpclient-huy\debug\ftpclient-huy.exe
c:\users\huynx\desktop\ftp\ftpclient-huy\debug\ftpclient-huy.ilk
c:\users\huynx\desktop\ftp\ftpclient-huy\ftpclient-huy\debug\ftpclient-huy.tlog\cl.command.1.tlog
c:\users\huynx\desktop\ftp\ftpclient-huy\ftpclient-huy\debug\ftpclient-huy.tlog\cl.read.1.tlog
c:\users\huynx\desktop\ftp\ftpclient-huy\ftpclient-huy\debug\ftpclient-huy.tlog\cl.write.1.tlog
c:\users\huynx\desktop\ftp\ftpclient-huy\ftpclient-huy\debug\ftpclient-huy.tlog\link.command.1.tlog
c:\users\huynx\desktop\ftp\ftpclient-huy\ftpclient-huy\debug\ftpclient-huy.tlog\link.read.1.tlog
c:\users\huynx\desktop\ftp\ftpclient-huy\ftpclient-huy\debug\ftpclient-huy.tlog\link.write.1.tlog
