c:\users\huynx\desktop\ftp_v2\source_from_git\ftp\ftpclient-huy\ftpclient-huy\x64\debug\ftpclient-huy.pch
c:\users\huynx\desktop\ftp_v2\source_from_git\ftp\ftpclient-huy\ftpclient-huy\x64\debug\vc140.pdb
c:\users\huynx\desktop\ftp_v2\source_from_git\ftp\ftpclient-huy\ftpclient-huy\x64\debug\vc140.idb
c:\users\huynx\desktop\ftp_v2\source_from_git\ftp\ftpclient-huy\ftpclient-huy\x64\debug\stdafx.obj
c:\users\huynx\desktop\ftp_v2\source_from_git\ftp\ftpclient-huy\ftpclient-huy\x64\debug\closeconnection.obj
c:\users\huynx\desktop\ftp_v2\source_from_git\ftp\ftpclient-huy\ftpclient-huy\x64\debug\createdirectory.obj
c:\users\huynx\desktop\ftp_v2\source_from_git\ftp\ftpclient-huy\ftpclient-huy\x64\debug\display.obj
c:\users\huynx\desktop\ftp_v2\source_from_git\ftp\ftpclient-huy\ftpclient-huy\x64\debug\download.obj
c:\users\huynx\desktop\ftp_v2\source_from_git\ftp\ftpclient-huy\ftpclient-huy\x64\debug\establishdatachannel.obj
c:\users\huynx\desktop\ftp_v2\source_from_git\ftp\ftpclient-huy\ftpclient-huy\x64\debug\getportnumber.obj
c:\users\huynx\desktop\ftp_v2\source_from_git\ftp\ftpclient-huy\ftpclient-huy\x64\debug\initializeconnection.obj
c:\users\huynx\desktop\ftp_v2\source_from_git\ftp\ftpclient-huy\ftpclient-huy\x64\debug\login.obj
c:\users\huynx\desktop\ftp_v2\source_from_git\ftp\ftpclient-huy\ftpclient-huy\x64\debug\main.obj
c:\users\huynx\desktop\ftp_v2\source_from_git\ftp\ftpclient-huy\ftpclient-huy\x64\debug\paralleldownload.obj
c:\users\huynx\desktop\ftp_v2\source_from_git\ftp\ftpclient-huy\ftpclient-huy\x64\debug\remove.obj
c:\users\huynx\desktop\ftp_v2\source_from_git\ftp\ftpclient-huy\ftpclient-huy\x64\debug\rename.obj
c:\users\huynx\desktop\ftp_v2\source_from_git\ftp\ftpclient-huy\ftpclient-huy\x64\debug\upload.obj
c:\users\huynx\desktop\ftp_v2\source_from_git\ftp\ftpclient-huy\x64\debug\ftpclient-huy.ilk
c:\users\huynx\desktop\ftp_v2\source_from_git\ftp\ftpclient-huy\x64\debug\ftpclient-huy.exe
c:\users\huynx\desktop\ftp_v2\source_from_git\ftp\ftpclient-huy\x64\debug\ftpclient-huy.pdb
c:\users\huynx\desktop\ftp_v2\source_from_git\ftp\ftpclient-huy\ftpclient-huy\x64\debug\paralleldownload.obj.enc
c:\users\huynx\desktop\ftp_v2\source_from_git\ftp\ftpclient-huy\ftpclient-huy\x64\debug\ftpclient-huy.tlog\cl.command.1.tlog
c:\users\huynx\desktop\ftp_v2\source_from_git\ftp\ftpclient-huy\ftpclient-huy\x64\debug\ftpclient-huy.tlog\cl.read.1.tlog
c:\users\huynx\desktop\ftp_v2\source_from_git\ftp\ftpclient-huy\ftpclient-huy\x64\debug\ftpclient-huy.tlog\cl.write.1.tlog
c:\users\huynx\desktop\ftp_v2\source_from_git\ftp\ftpclient-huy\ftpclient-huy\x64\debug\ftpclient-huy.tlog\link.command.1.tlog
c:\users\huynx\desktop\ftp_v2\source_from_git\ftp\ftpclient-huy\ftpclient-huy\x64\debug\ftpclient-huy.tlog\link.read.1.tlog
c:\users\huynx\desktop\ftp_v2\source_from_git\ftp\ftpclient-huy\ftpclient-huy\x64\debug\ftpclient-huy.tlog\link.write.1.tlog
